TN:
SF:C:\Users\TENIOLA\Documents\Projects\WayFarer\app.js
FNF:0
FNH:0
DA:8,1
DA:9,1
DA:10,1
DA:12,1
DA:14,1
DA:15,1
LF:6
LH:6
BRDA:14,0,0,1
BRDA:14,0,1,1
BRF:2
BRH:2
end_of_record
TN:
SF:C:\Users\TENIOLA\Documents\Projects\WayFarer\server\controllers\busController.js
FN:9,(anonymous_0)
FNF:1
FNH:0
FNDA:0,(anonymous_0)
DA:7,1
DA:10,0
DA:11,0
DA:13,0
DA:15,0
DA:16,0
DA:17,0
DA:18,0
DA:19,0
DA:21,0
DA:23,0
DA:24,0
DA:25,0
DA:32,0
LF:14
LH:1
BRDA:11,0,0,0
BRDA:11,0,1,0
BRDA:21,1,0,0
BRDA:21,1,1,0
BRF:4
BRH:0
end_of_record
TN:
SF:C:\Users\TENIOLA\Documents\Projects\WayFarer\server\controllers\tripController.js
FN:10,(anonymous_0)
FN:41,(anonymous_1)
FNF:2
FNH:2
FNDA:1,(anonymous_0)
FNDA:1,(anonymous_1)
DA:8,1
DA:11,1
DA:12,1
DA:14,1
DA:16,1
DA:17,1
DA:18,1
DA:19,1
DA:21,1
DA:22,1
DA:23,1
DA:36,0
DA:42,1
DA:43,1
DA:45,1
DA:46,1
DA:47,1
DA:48,1
DA:55,0
LF:19
LH:17
BRDA:12,0,0,0
BRDA:12,0,1,1
BRDA:43,1,0,0
BRDA:43,1,1,1
BRF:4
BRH:2
end_of_record
TN:
SF:C:\Users\TENIOLA\Documents\Projects\WayFarer\server\controllers\userController.js
FN:12,(anonymous_0)
FN:41,(anonymous_1)
FNF:2
FNH:2
FNDA:2,(anonymous_0)
FNDA:3,(anonymous_1)
DA:8,1
DA:9,1
DA:11,1
DA:13,2
DA:14,2
DA:15,2
DA:17,2
DA:18,2
DA:20,2
DA:21,2
DA:23,2
DA:25,1
DA:26,1
DA:27,1
DA:28,1
DA:37,0
DA:42,3
DA:43,3
DA:44,3
DA:46,3
DA:47,3
DA:48,3
DA:50,2
DA:51,2
DA:52,2
DA:53,2
DA:55,2
DA:65,0
LF:28
LH:26
BRDA:23,0,0,1
BRDA:23,0,1,1
BRDA:46,1,0,0
BRDA:46,1,1,3
BRDA:48,2,0,1
BRDA:48,2,1,2
BRF:6
BRH:5
end_of_record
TN:
SF:C:\Users\TENIOLA\Documents\Projects\WayFarer\server\helpers\authenticateBus.js
FN:3,(anonymous_0)
FNF:1
FNH:0
FNDA:0,(anonymous_0)
DA:3,1
DA:4,0
DA:11,0
LF:3
LH:1
BRF:0
BRH:0
end_of_record
TN:
SF:C:\Users\TENIOLA\Documents\Projects\WayFarer\server\helpers\authenticateTrip.js
FN:3,(anonymous_0)
FN:11,(anonymous_1)
FNF:2
FNH:2
FNDA:1,(anonymous_0)
FNDA:1,(anonymous_1)
DA:3,1
DA:4,1
DA:8,1
DA:11,1
DA:12,1
DA:20,1
LF:6
LH:6
BRF:0
BRH:0
end_of_record
TN:
SF:C:\Users\TENIOLA\Documents\Projects\WayFarer\server\helpers\authenticateUser.js
FN:3,(anonymous_0)
FN:12,(anonymous_1)
FNF:2
FNH:2
FNDA:4,(anonymous_0)
FNDA:4,(anonymous_1)
DA:3,1
DA:4,4
DA:8,4
DA:11,1
DA:12,1
DA:13,4
DA:20,4
LF:7
LH:7
BRF:0
BRH:0
end_of_record
TN:
SF:C:\Users\TENIOLA\Documents\Projects\WayFarer\server\middlewares\auth.js
FN:22,queryUser
FN:30,(anonymous_1)
FN:33,(anonymous_2)
FN:50,(anonymous_3)
FN:53,(anonymous_4)
FN:72,(anonymous_5)
FN:79,(anonymous_6)
FN:82,(anonymous_7)
FN:88,(anonymous_8)
FN:95,(anonymous_9)
FNF:10
FNH:7
FNDA:2,queryUser
FNDA:1,(anonymous_1)
FNDA:1,(anonymous_2)
FNDA:2,(anonymous_3)
FNDA:1,(anonymous_4)
FNDA:0,(anonymous_5)
FNDA:0,(anonymous_6)
FNDA:4,(anonymous_7)
FNDA:4,(anonymous_8)
FNDA:0,(anonymous_9)
DA:9,1
DA:10,1
DA:12,1
DA:14,1
DA:23,2
DA:24,2
DA:25,2
DA:28,1
DA:31,1
DA:32,1
DA:33,1
DA:34,1
DA:36,1
DA:38,1
DA:39,1
DA:40,1
DA:41,1
DA:43,0
DA:46,0
DA:51,2
DA:52,2
DA:53,1
DA:54,1
DA:55,1
DA:57,1
DA:58,1
DA:60,1
DA:61,1
DA:63,0
DA:66,1
DA:72,1
DA:73,0
DA:79,1
DA:82,1
DA:83,4
DA:84,4
DA:85,2
DA:88,1
DA:89,4
DA:90,4
DA:91,3
DA:95,1
DA:96,0
DA:97,0
DA:98,0
LF:45
LH:38
BRDA:32,0,0,1
BRDA:32,0,1,0
BRDA:34,1,0,0
BRDA:34,1,1,1
BRDA:38,2,0,1
BRDA:38,2,1,0
BRDA:52,3,0,1
BRDA:52,3,1,1
BRDA:54,4,0,0
BRDA:54,4,1,1
BRDA:57,5,0,1
BRDA:57,5,1,0
BRDA:57,6,0,1
BRDA:57,6,1,1
BRDA:84,7,0,2
BRDA:84,7,1,2
BRDA:90,8,0,1
BRDA:90,8,1,3
BRDA:97,9,0,0
BRDA:97,9,1,0
BRF:20
BRH:13
end_of_record
TN:
SF:C:\Users\TENIOLA\Documents\Projects\WayFarer\server\models\db\db.js
FN:12,(anonymous_0)
FN:13,(anonymous_1)
FN:14,(anonymous_2)
FN:17,(anonymous_3)
FNF:4
FNH:3
FNDA:16,(anonymous_0)
FNDA:16,(anonymous_1)
FNDA:12,(anonymous_2)
FNDA:0,(anonymous_3)
DA:4,1
DA:6,1
DA:13,16
DA:14,16
DA:15,12
DA:18,0
LF:6
LH:5
BRF:0
BRH:0
end_of_record
TN:
SF:C:\Users\TENIOLA\Documents\Projects\WayFarer\server\routes\routes.js
FNF:0
FNH:0
DA:8,1
DA:10,1
DA:12,1
DA:14,1
DA:16,1
DA:17,1
LF:6
LH:6
BRF:0
BRH:0
end_of_record
